TN:
SF:/home/wstt/working/oop/1/task/to_yaml.cpp
FN:27,_Z12check_formatSt17basic_string_viewIcSt11char_traitsIcEE
FNDA:23,_Z12check_formatSt17basic_string_viewIcSt11char_traitsIcEE
FN:40,_Z7to_sizei
FNDA:6,_Z7to_sizei
FN:60,_Z7to_yamlRKSt6vectorIiSaIiEEPKc
FNDA:3,_Z7to_yamlRKSt6vectorIiSaIiEEPKc
FN:66,_Z7to_yamlRKSt6vectorIiSaIiEEPKcmRm
FNDA:6,_Z7to_yamlRKSt6vectorIiSaIiEEPKcmRm
FN:103,_Z7to_yamlB5cxx11RKSt6vectorIiSaIiEESt17basic_string_viewIcSt11char_traitsIcEE
FNDA:3,_Z7to_yamlB5cxx11RKSt6vectorIiSaIiEESt17basic_string_viewIcSt11char_traitsIcEE
DA:27,23
DA:28,23
DA:29,22
DA:30,21
DA:31,21
DA:32,16
DA:40,6
DA:41,6
DA:42,6
DA:43,1
DA:44,1
DA:46,9
DA:47,3
DA:48,3
DA:50,6
DA:60,3
DA:62,3
DA:63,2
DA:66,6
DA:67,6
DA:68,6
DA:69,2
DA:71,4
DA:72,4
DA:73,2
DA:75,10
DA:76,6
DA:78,91
DA:79,4
DA:80,4
DA:81,2
DA:83,4
DA:84,4
DA:85,4
DA:86,4
DA:87,4
DA:88,4
DA:89,2
DA:90,2
DA:92,10
DA:93,6
DA:94,6
DA:95,6
DA:96,6
DA:97,6
DA:98,6
DA:99,6
DA:100,4
DA:103,3
DA:104,3
DA:105,1
DA:107,2
DA:108,2
DA:109,5
DA:110,3
DA:112,2
DA:113,1
DA:114,2
end_of_record
SF:/usr/include/c++/11/bits/move.h
FN:49,_ZSt11__addressofIKcEPT_RS1_
FNDA:0,_ZSt11__addressofIKcEPT_RS1_
FN:49,_ZSt11__addressofIcEPT_RS0_
FNDA:0,_ZSt11__addressofIcEPT_RS0_
FN:104,_ZSt4moveIRNSt7__cxx1112basic_stringIcSt11char_traitsIcESaIcEEEEONSt16remove_referenceIT_E4typeEOS8_
FNDA:15,_ZSt4moveIRNSt7__cxx1112basic_stringIcSt11char_traitsIcESaIcEEEEONSt16remove_referenceIT_E4typeEOS8_
FN:104,_ZSt4moveIRSaIcEEONSt16remove_referenceIT_E4typeEOS3_
FNDA:0,_ZSt4moveIRSaIcEEONSt16remove_referenceIT_E4typeEOS3_
FN:145,_ZSt9addressofIKcEPT_RS1_
FNDA:0,_ZSt9addressofIKcEPT_RS1_
FN:145,_ZSt9addressofIcEPT_RS0_
FNDA:0,_ZSt9addressofIcEPT_RS0_
DA:49,0
DA:50,0
DA:49,0
DA:50,0
DA:104,15
DA:105,15
DA:104,0
DA:105,0
DA:145,0
DA:146,0
DA:145,0
DA:146,0
end_of_record
SF:/usr/include/c++/11/bits/string_view.tcc
FN:47,_ZNKSt17basic_string_viewIcSt11char_traitsIcEE4findEPKcmm
FNDA:0,_ZNKSt17basic_string_viewIcSt11char_traitsIcEE4findEPKcmm
DA:47,0
DA:52,0
DA:53,0
DA:54,0
DA:55,0
DA:57,0
DA:58,0
DA:59,0
DA:60,0
DA:62,0
DA:65,0
DA:66,0
DA:67,0
DA:71,0
DA:72,0
DA:73,0
DA:75,0
end_of_record
SF:/usr/include/c++/11/bits/ptr_traits.h
FN:149,_ZNSt14pointer_traitsIPKcE10pointer_toERS0_
FNDA:0,_ZNSt14pointer_traitsIPKcE10pointer_toERS0_
FN:149,_ZNSt14pointer_traitsIPcE10pointer_toERc
FNDA:0,_ZNSt14pointer_traitsIPcE10pointer_toERc
DA:149,0
DA:150,0
DA:149,0
DA:150,0
end_of_record
SF:/usr/include/c++/11/bits/basic_string.tcc
FN:132,_ZNSt7__cxx1112basic_stringIcSt11char_traitsIcESaIcEE9_M_createERmm
FNDA:0,_ZNSt7__cxx1112basic_stringIcSt11char_traitsIcESaIcEE9_M_createERmm
FN:206,_ZNSt7__cxx1112basic_stringIcSt11char_traitsIcESaIcEE12_M_constructIPKcEEvT_S8_St20forward_iterator_tag
FNDA:0,_ZNSt7__cxx1112basic_stringIcSt11char_traitsIcESaIcEE12_M_constructIPKcEEvT_S8_St20forward_iterator_tag
FN:237,_ZNSt7__cxx1112basic_stringIcSt11char_traitsIcESaIcEE12_M_constructEmc
FNDA:9,_ZNSt7__cxx1112basic_stringIcSt11char_traitsIcESaIcEE12_M_constructEmc
FN:300,_ZNSt7__cxx1112basic_stringIcSt11char_traitsIcESaIcEE9_M_mutateEmmPKcm
FNDA:0,_ZNSt7__cxx1112basic_stringIcSt11char_traitsIcESaIcEE9_M_mutateEmmPKcm
FN:384,_ZNSt7__cxx1112basic_stringIcSt11char_traitsIcESaIcEE9_M_appendEPKcm
FNDA:0,_ZNSt7__cxx1112basic_stringIcSt11char_traitsIcESaIcEE9_M_appendEPKcm
FN:448,_ZNSt7__cxx1112basic_stringIcSt11char_traitsIcESaIcEE10_M_replaceEmmPKcm
FNDA:0,_ZNSt7__cxx1112basic_stringIcSt11char_traitsIcESaIcEE10_M_replaceEmmPKcm
DA:132,0
DA:137,0
DA:138,0
DA:143,0
DA:145,0
DA:147,0
DA:148,0
DA:153,0
DA:206,0
DA:211,0
DA:212,0
DA:215,0
DA:217,0
DA:219,0
DA:220,0
DA:225,0
DA:232,0
DA:233,0
DA:237,9
DA:240,9
DA:242,0
DA:243,0
DA:246,9
DA:247,9
DA:249,9
DA:250,9
DA:300,0
DA:304,0
DA:306,0
DA:307,0
DA:309,0
DA:310,0
DA:311,0
DA:312,0
DA:313,0
DA:314,0
DA:315,0
DA:317,0
DA:318,0
DA:319,0
DA:320,0
DA:384,0
DA:387,0
DA:389,0
DA:391,0
DA:392,0
DA:395,0
DA:397,0
DA:398,0
DA:448,0
DA:452,0
DA:454,0
DA:455,0
DA:457,0
DA:459,0
DA:461,0
DA:462,0
DA:464,0
DA:465,0
DA:466,0
DA:467,0
DA:472,0
DA:473,0
DA:474,0
DA:475,0
DA:476,0
DA:478,0
DA:479,0
DA:480,0
DA:484,0
DA:485,0
DA:489,0
DA:490,0
DA:491,0
DA:498,0
DA:500,0
DA:501,0
end_of_record
SF:/usr/include/c++/11/type_traits
FN:3419,_ZSt21is_constant_evaluatedv
FNDA:0,_ZSt21is_constant_evaluatedv
DA:3419,0
DA:3420,0
end_of_record
SF:/usr/include/c++/11/ext/new_allocator.h
FN:79,_ZN9__gnu_cxx13new_allocatorIcEC2Ev
FNDA:0,_ZN9__gnu_cxx13new_allocatorIcEC2Ev
FN:103,_ZN9__gnu_cxx13new_allocatorIcE8allocateEmPKv
FNDA:0,_ZN9__gnu_cxx13new_allocatorIcE8allocateEmPKv
FN:132,_ZN9__gnu_cxx13new_allocatorIcE10deallocateEPcm
FNDA:0,_ZN9__gnu_cxx13new_allocatorIcE10deallocateEPcm
FN:197,_ZNK9__gnu_cxx13new_allocatorIcE11_M_max_sizeEv
FNDA:0,_ZNK9__gnu_cxx13new_allocatorIcE11_M_max_sizeEv
DA:79,0
DA:103,0
DA:111,0
DA:117,0
DA:127,0
DA:132,0
DA:145,0
DA:197,0
DA:200,0
end_of_record
SF:/usr/include/c++/11/bits/allocator.h
DA:182,0
DA:183,0
DA:185,0
DA:193,0
DA:195,0
DA:196,0
DA:199,0
end_of_record
SF:/usr/include/c++/11/bits/char_traits.h
FN:106,_ZN9__gnu_cxx11char_traitsIcE2eqERKcS3_
FNDA:0,_ZN9__gnu_cxx11char_traitsIcE2eqERKcS3_
FN:167,_ZN9__gnu_cxx11char_traitsIcE6lengthEPKc
FNDA:0,_ZN9__gnu_cxx11char_traitsIcE6lengthEPKc
FN:178,_ZN9__gnu_cxx11char_traitsIcE4findEPKcmRS2_
FNDA:0,_ZN9__gnu_cxx11char_traitsIcE4findEPKcmRS2_
FN:190,_ZN9__gnu_cxx11char_traitsIcE4moveEPcPKcm
FNDA:0,_ZN9__gnu_cxx11char_traitsIcE4moveEPcPKcm
FN:240,_ZN9__gnu_cxx11char_traitsIcE4copyEPcPKcm
FNDA:0,_ZN9__gnu_cxx11char_traitsIcE4copyEPcPKcm
FN:251,_ZN9__gnu_cxx11char_traitsIcE6assignEPcmc
FNDA:0,_ZN9__gnu_cxx11char_traitsIcE6assignEPcmc
FN:356,_ZNSt11char_traitsIcE6assignERcRKc
FNDA:0,_ZNSt11char_traitsIcE6assignERcRKc
FN:364,_ZNSt11char_traitsIcE2ltERKcS2_
FNDA:0,_ZNSt11char_traitsIcE2ltERKcS2_
FN:372,_ZNSt11char_traitsIcE7compareEPKcS2_m
FNDA:0,_ZNSt11char_traitsIcE7compareEPKcS2_m
FN:393,_ZNSt11char_traitsIcE6lengthEPKc
FNDA:0,_ZNSt11char_traitsIcE6lengthEPKc
FN:403,_ZNSt11char_traitsIcE4findEPKcmRS1_
FNDA:0,_ZNSt11char_traitsIcE4findEPKcmRS1_
FN:417,_ZNSt11char_traitsIcE4moveEPcPKcm
FNDA:0,_ZNSt11char_traitsIcE4moveEPcPKcm
FN:429,_ZNSt11char_traitsIcE4copyEPcPKcm
FNDA:0,_ZNSt11char_traitsIcE4copyEPcPKcm
FN:441,_ZNSt11char_traitsIcE6assignEPcmc
FNDA:4,_ZNSt11char_traitsIcE6assignEPcmc
DA:106,0
DA:107,0
DA:167,0
DA:170,0
DA:171,0
DA:172,0
DA:173,0
DA:178,0
DA:181,0
DA:182,0
DA:183,0
DA:184,0
DA:190,0
DA:193,0
DA:194,0
DA:196,0
DA:198,0
DA:199,0
DA:203,0
DA:204,0
DA:205,0
DA:206,0
DA:230,0
DA:233,0
DA:234,0
DA:240,0
DA:244,0
DA:245,0
DA:251,0
DA:255,0
DA:256,0
DA:290,0
DA:356,0
DA:357,0
DA:364,0
DA:367,0
DA:368,0
DA:372,0
DA:374,0
DA:375,0
DA:377,0
DA:379,0
DA:381,0
DA:382,0
DA:383,0
DA:384,0
DA:385,0
DA:386,0
DA:389,0
DA:393,0
DA:396,0
DA:397,0
DA:399,0
DA:403,0
DA:405,0
DA:406,0
DA:408,0
DA:410,0
DA:411,0
DA:413,0
DA:417,0
DA:419,0
DA:420,0
DA:422,0
DA:423,0
DA:425,0
DA:429,0
DA:431,0
DA:432,0
DA:434,0
DA:435,0
DA:437,0
DA:441,4
DA:443,4
DA:444,0
DA:446,4
DA:447,0
DA:449,4
end_of_record
SF:/usr/include/c++/11/bits/basic_string.h
FN:133,_ZNSt7__cxx1112basic_stringIcSt11char_traitsIcESaIcEE17_S_to_string_viewESt17basic_string_viewIcS2_E
FNDA:2,_ZNSt7__cxx1112basic_stringIcSt11char_traitsIcESaIcEE17_S_to_string_viewESt17basic_string_viewIcS2_E
FN:142,_ZNSt7__cxx1112basic_stringIcSt11char_traitsIcESaIcEE12__sv_wrapperC2ESt17basic_string_viewIcS2_E
FNDA:2,_ZNSt7__cxx1112basic_stringIcSt11char_traitsIcESaIcEE12__sv_wrapperC2ESt17basic_string_viewIcS2_E
FN:153,_ZNSt7__cxx1112basic_stringIcSt11char_traitsIcESaIcEEC2ENS4_12__sv_wrapperERKS3_
FNDA:2,_ZNSt7__cxx1112basic_stringIcSt11char_traitsIcESaIcEEC2ENS4_12__sv_wrapperERKS3_
FN:164,_ZNSt7__cxx1112basic_stringIcSt11char_traitsIcESaIcEE12_Alloc_hiderC2EPcRKS3_
FNDA:0,_ZNSt7__cxx1112basic_stringIcSt11char_traitsIcESaIcEE12_Alloc_hiderC2EPcRKS3_
FN:167,_ZNSt7__cxx1112basic_stringIcSt11char_traitsIcESaIcEE12_Alloc_hiderC2EPcOS3_
FNDA:0,_ZNSt7__cxx1112basic_stringIcSt11char_traitsIcESaIcEE12_Alloc_hiderC2EPcOS3_
FN:186,_ZNSt7__cxx1112basic_stringIcSt11char_traitsIcESaIcEE7_M_dataEPc
FNDA:0,_ZNSt7__cxx1112basic_stringIcSt11char_traitsIcESaIcEE7_M_dataEPc
FN:190,_ZNSt7__cxx1112basic_stringIcSt11char_traitsIcESaIcEE9_M_lengthEm
FNDA:0,_ZNSt7__cxx1112basic_stringIcSt11char_traitsIcESaIcEE9_M_lengthEm
FN:194,_ZNKSt7__cxx1112basic_stringIcSt11char_traitsIcESaIcEE7_M_dataEv
FNDA:0,_ZNKSt7__cxx1112basic_stringIcSt11char_traitsIcESaIcEE7_M_dataEv
FN:198,_ZNSt7__cxx1112basic_stringIcSt11char_traitsIcESaIcEE13_M_local_dataEv
FNDA:0,_ZNSt7__cxx1112basic_stringIcSt11char_traitsIcESaIcEE13_M_local_dataEv
FN:208,_ZNKSt7__cxx1112basic_stringIcSt11char_traitsIcESaIcEE13_M_local_dataEv
FNDA:0,_ZNKSt7__cxx1112basic_stringIcSt11char_traitsIcESaIcEE13_M_local_dataEv
FN:218,_ZNSt7__cxx1112basic_stringIcSt11char_traitsIcESaIcEE11_M_capacityEm
FNDA:0,_ZNSt7__cxx1112basic_stringIcSt11char_traitsIcESaIcEE11_M_capacityEm
FN:222,_ZNSt7__cxx1112basic_stringIcSt11char_traitsIcESaIcEE13_M_set_lengthEm
FNDA:0,_ZNSt7__cxx1112basic_stringIcSt11char_traitsIcESaIcEE13_M_set_lengthEm
FN:229,_ZNKSt7__cxx1112basic_stringIcSt11char_traitsIcESaIcEE11_M_is_localEv
FNDA:0,_ZNKSt7__cxx1112basic_stringIcSt11char_traitsIcESaIcEE11_M_is_localEv
FN:237,_ZNSt7__cxx1112basic_stringIcSt11char_traitsIcESaIcEE10_M_disposeEv
FNDA:0,_ZNSt7__cxx1112basic_stringIcSt11char_traitsIcESaIcEE10_M_disposeEv
FN:244,_ZNSt7__cxx1112basic_stringIcSt11char_traitsIcESaIcEE10_M_destroyEm
FNDA:0,_ZNSt7__cxx1112basic_stringIcSt11char_traitsIcESaIcEE10_M_destroyEm
FN:251,_ZNSt7__cxx1112basic_stringIcSt11char_traitsIcESaIcEE16_M_construct_auxIPKcEEvT_S8_St12__false_type
FNDA:2,_ZNSt7__cxx1112basic_stringIcSt11char_traitsIcESaIcEE16_M_construct_auxIPKcEEvT_S8_St12__false_type
FN:271,_ZNSt7__cxx1112basic_stringIcSt11char_traitsIcESaIcEE12_M_constructIPKcEEvT_S8_
FNDA:2,_ZNSt7__cxx1112basic_stringIcSt11char_traitsIcESaIcEE12_M_constructIPKcEEvT_S8_
FN:294,_ZNSt7__cxx1112basic_stringIcSt11char_traitsIcESaIcEE16_M_get_allocatorEv
FNDA:0,_ZNSt7__cxx1112basic_stringIcSt11char_traitsIcESaIcEE16_M_get_allocatorEv
FN:298,_ZNKSt7__cxx1112basic_stringIcSt11char_traitsIcESaIcEE16_M_get_allocatorEv
FNDA:0,_ZNKSt7__cxx1112basic_stringIcSt11char_traitsIcESaIcEE16_M_get_allocatorEv
FN:318,_ZNKSt7__cxx1112basic_stringIcSt11char_traitsIcESaIcEE8_M_checkEmPKc
FNDA:0,_ZNKSt7__cxx1112basic_stringIcSt11char_traitsIcESaIcEE8_M_checkEmPKc
FN:328,_ZNKSt7__cxx1112basic_stringIcSt11char_traitsIcESaIcEE15_M_check_lengthEmmPKc
FNDA:0,_ZNKSt7__cxx1112basic_stringIcSt11char_traitsIcESaIcEE15_M_check_lengthEmmPKc
FN:337,_ZNKSt7__cxx1112basic_stringIcSt11char_traitsIcESaIcEE8_M_limitEmm
FNDA:0,_ZNKSt7__cxx1112basic_stringIcSt11char_traitsIcESaIcEE8_M_limitEmm
FN:345,_ZNKSt7__cxx1112basic_stringIcSt11char_traitsIcESaIcEE11_M_disjunctEPKc
FNDA:0,_ZNKSt7__cxx1112basic_stringIcSt11char_traitsIcESaIcEE11_M_disjunctEPKc
FN:354,_ZNSt7__cxx1112basic_stringIcSt11char_traitsIcESaIcEE7_S_copyEPcPKcm
FNDA:0,_ZNSt7__cxx1112basic_stringIcSt11char_traitsIcESaIcEE7_S_copyEPcPKcm
FN:363,_ZNSt7__cxx1112basic_stringIcSt11char_traitsIcESaIcEE7_S_moveEPcPKcm
FNDA:0,_ZNSt7__cxx1112basic_stringIcSt11char_traitsIcESaIcEE7_S_moveEPcPKcm
FN:372,_ZNSt7__cxx1112basic_stringIcSt11char_traitsIcESaIcEE9_S_assignEPcmc
FNDA:9,_ZNSt7__cxx1112basic_stringIcSt11char_traitsIcESaIcEE9_S_assignEPcmc
FN:404,_ZNSt7__cxx1112basic_stringIcSt11char_traitsIcESaIcEE13_S_copy_charsEPcPKcS7_
FNDA:0,_ZNSt7__cxx1112basic_stringIcSt11char_traitsIcESaIcEE13_S_copy_charsEPcPKcS7_
FN:439,_ZNSt7__cxx1112basic_stringIcSt11char_traitsIcESaIcEEC2Ev
FNDA:0,_ZNSt7__cxx1112basic_stringIcSt11char_traitsIcESaIcEEC2Ev
FN:518,_ZNSt7__cxx1112basic_stringIcSt11char_traitsIcESaIcEEC2EPKcmRKS3_
FNDA:2,_ZNSt7__cxx1112basic_stringIcSt11char_traitsIcESaIcEEC2EPKcmRKS3_
FN:553,_ZNSt7__cxx1112basic_stringIcSt11char_traitsIcESaIcEEC2IS3_EEmcRKS3_
FNDA:9,_ZNSt7__cxx1112basic_stringIcSt11char_traitsIcESaIcEEC2IS3_EEmcRKS3_
FN:565,_ZNSt7__cxx1112basic_stringIcSt11char_traitsIcESaIcEEC2EOS4_
FNDA:0,_ZNSt7__cxx1112basic_stringIcSt11char_traitsIcESaIcEEC2EOS4_
FN:664,_ZNSt7__cxx1112basic_stringIcSt11char_traitsIcESaIcEEC2ISt17basic_string_viewIcS2_EvEERKT_RKS3_
FNDA:2,_ZNSt7__cxx1112basic_stringIcSt11char_traitsIcESaIcEEC2ISt17basic_string_viewIcS2_EvEERKT_RKS3_
FN:671,_ZNSt7__cxx1112basic_stringIcSt11char_traitsIcESaIcEED2Ev
FNDA:0,_ZNSt7__cxx1112basic_stringIcSt11char_traitsIcESaIcEED2Ev
FN:920,_ZNKSt7__cxx1112basic_stringIcSt11char_traitsIcESaIcEE4sizeEv
FNDA:0,_ZNKSt7__cxx1112basic_stringIcSt11char_traitsIcESaIcEE4sizeEv
FN:926,_ZNKSt7__cxx1112basic_stringIcSt11char_traitsIcESaIcEE6lengthEv
FNDA:0,_ZNKSt7__cxx1112basic_stringIcSt11char_traitsIcESaIcEE6lengthEv
FN:931,_ZNKSt7__cxx1112basic_stringIcSt11char_traitsIcESaIcEE8max_sizeEv
FNDA:0,_ZNKSt7__cxx1112basic_stringIcSt11char_traitsIcESaIcEE8max_sizeEv
FN:976,_ZNKSt7__cxx1112basic_stringIcSt11char_traitsIcESaIcEE8capacityEv
FNDA:0,_ZNKSt7__cxx1112basic_stringIcSt11char_traitsIcESaIcEE8capacityEv
FN:1055,_ZNSt7__cxx1112basic_stringIcSt11char_traitsIcESaIcEEixEm
FNDA:9,_ZNSt7__cxx1112basic_stringIcSt11char_traitsIcESaIcEEixEm
FN:1160,_ZNSt7__cxx1112basic_stringIcSt11char_traitsIcESaIcEEpLERKS4_
FNDA:0,_ZNSt7__cxx1112basic_stringIcSt11char_traitsIcESaIcEEpLERKS4_
FN:1169,_ZNSt7__cxx1112basic_stringIcSt11char_traitsIcESaIcEEpLEPKc
FNDA:0,_ZNSt7__cxx1112basic_stringIcSt11char_traitsIcESaIcEEpLEPKc
FN:1213,_ZNSt7__cxx1112basic_stringIcSt11char_traitsIcESaIcEE6appendERKS4_
FNDA:0,_ZNSt7__cxx1112basic_stringIcSt11char_traitsIcESaIcEE6appendERKS4_
FN:1255,_ZNSt7__cxx1112basic_stringIcSt11char_traitsIcESaIcEE6appendEPKc
FNDA:0,_ZNSt7__cxx1112basic_stringIcSt11char_traitsIcESaIcEE6appendEPKc
FN:1725,_ZNSt7__cxx1112basic_stringIcSt11char_traitsIcESaIcEE6insertEmPKc
FNDA:3,_ZNSt7__cxx1112basic_stringIcSt11char_traitsIcESaIcEE6insertEmPKc
FN:1956,_ZNSt7__cxx1112basic_stringIcSt11char_traitsIcESaIcEE7replaceEmmPKcm
FNDA:3,_ZNSt7__cxx1112basic_stringIcSt11char_traitsIcESaIcEE7replaceEmmPKcm
FN:2320,_ZNKSt7__cxx1112basic_stringIcSt11char_traitsIcESaIcEE5c_strEv
FNDA:0,_ZNKSt7__cxx1112basic_stringIcSt11char_traitsIcESaIcEE5c_strEv
FN:6194,_ZStplIcSt11char_traitsIcESaIcEENSt7__cxx1112basic_stringIT_T0_T1_EEPKS5_OS8_
FNDA:3,_ZStplIcSt11char_traitsIcESaIcEENSt7__cxx1112basic_stringIT_T0_T1_EEPKS5_OS8_
FN:6206,_ZStplIcSt11char_traitsIcESaIcEENSt7__cxx1112basic_stringIT_T0_T1_EEOS8_PKS5_
FNDA:12,_ZStplIcSt11char_traitsIcESaIcEENSt7__cxx1112basic_stringIT_T0_T1_EEOS8_PKS5_
FN:6660,_ZNSt7__cxx119to_stringEi
FNDA:9,_ZNSt7__cxx119to_stringEi
DA:133,2
DA:134,2
DA:142,2
DA:153,2
DA:154,2
DA:164,0
DA:165,0
DA:167,0
DA:168,0
DA:186,0
DA:187,0
DA:190,0
DA:191,0
DA:194,0
DA:195,0
DA:198,0
DA:201,0
DA:208,0
DA:211,0
DA:218,0
DA:219,0
DA:222,0
DA:224,0
DA:225,0
DA:226,0
DA:229,0
DA:230,0
DA:237,0
DA:239,0
DA:240,0
DA:241,0
DA:244,0
DA:245,0
DA:251,2
DA:255,2
DA:256,2
DA:271,2
DA:274,2
DA:275,2
DA:294,0
DA:295,0
DA:298,0
DA:299,0
DA:318,0
DA:320,0
DA:321,0
DA:324,0
DA:328,0
DA:330,0
DA:331,0
DA:332,0
DA:337,0
DA:339,0
DA:340,0
DA:345,0
DA:347,0
DA:348,0
DA:354,0
DA:356,0
DA:357,0
DA:359,0
DA:360,0
DA:363,0
DA:365,0
DA:366,0
DA:368,0
DA:369,0
DA:372,9
DA:374,9
DA:375,5
DA:377,4
DA:378,9
DA:404,0
DA:406,0
DA:439,0
DA:441,0
DA:442,0
DA:518,2
DA:520,2
DA:521,2
DA:553,9
DA:554,9
DA:555,9
DA:565,0
DA:566,0
DA:568,0
DA:570,0
DA:575,0
DA:576,0
DA:582,0
DA:583,0
DA:584,0
DA:585,0
DA:664,2
DA:665,2
DA:671,0
DA:672,0
DA:920,0
DA:921,0
DA:926,0
DA:927,0
DA:931,0
DA:932,0
DA:976,0
DA:978,0
DA:979,0
DA:1055,9
DA:1059,9
DA:1062,9
DA:1160,0
DA:1161,0
DA:1169,0
DA:1170,0
DA:1213,0
DA:1214,0
DA:1255,0
DA:1258,0
DA:1259,0
DA:1260,0
DA:1725,3
DA:1728,3
DA:1729,3
DA:1956,3
DA:1960,3
DA:1961,3
DA:2320,0
DA:2321,0
DA:6194,3
DA:6196,3
DA:6206,12
DA:6208,12
DA:6660,9
DA:6662,9
DA:6663,9
DA:6664,9
DA:6665,9
DA:6666,9
DA:6667,9
DA:6668,0
end_of_record
SF:/usr/include/c++/11/ext/type_traits.h
FN:152,_ZN9__gnu_cxx17__is_null_pointerIKcEEbPT_
FNDA:0,_ZN9__gnu_cxx17__is_null_pointerIKcEEbPT_
DA:152,0
DA:153,0
end_of_record
SF:/usr/include/c++/11/bits/stl_iterator_base_funcs.h
FN:98,_ZSt10__distanceIPKcENSt15iterator_traitsIT_E15difference_typeES3_S3_St26random_access_iterator_tag
FNDA:0,_ZSt10__distanceIPKcENSt15iterator_traitsIT_E15difference_typeES3_S3_St26random_access_iterator_tag
FN:138,_ZSt8distanceIPKcENSt15iterator_traitsIT_E15difference_typeES3_S3_
FNDA:0,_ZSt8distanceIPKcENSt15iterator_traitsIT_E15difference_typeES3_S3_
DA:98,0
DA:104,0
DA:138,0
DA:141,0
DA:142,0
end_of_record
SF:/usr/include/c++/11/bits/charconv.h
FN:47,_ZNSt8__detail14__to_chars_lenIjEEjT_i
FNDA:9,_ZNSt8__detail14__to_chars_lenIjEEjT_i
FN:72,_ZNSt8__detail18__to_chars_10_implIjEEvPcjT_
FNDA:9,_ZNSt8__detail18__to_chars_10_implIjEEvPcjT_
DA:47,9
DA:52,9
DA:53,9
DA:54,9
DA:55,9
DA:58,9
DA:59,2
DA:60,1
DA:61,0
DA:62,0
DA:63,0
DA:72,9
DA:83,9
DA:84,10
DA:86,1
DA:87,1
DA:88,1
DA:89,1
DA:90,1
DA:92,9
DA:94,1
DA:95,1
DA:96,1
DA:99,8
DA:100,9
end_of_record
SF:/usr/include/c++/11/bits/alloc_traits.h
FN:463,_ZNSt16allocator_traitsISaIcEE8allocateERS0_m
FNDA:0,_ZNSt16allocator_traitsISaIcEE8allocateERS0_m
FN:495,_ZNSt16allocator_traitsISaIcEE10deallocateERS0_Pcm
FNDA:0,_ZNSt16allocator_traitsISaIcEE10deallocateERS0_Pcm
FN:547,_ZNSt16allocator_traitsISaIcEE8max_sizeERKS0_
FNDA:0,_ZNSt16allocator_traitsISaIcEE8max_sizeERKS0_
DA:463,0
DA:464,0
DA:495,0
DA:496,0
DA:547,0
DA:552,0
end_of_record
SF:/usr/include/c++/11/bits/stl_iterator.h
FN:1027,_ZN9__gnu_cxx17__normal_iteratorIPKiSt6vectorIiSaIiEEEC2ERKS2_
FNDA:0,_ZN9__gnu_cxx17__normal_iteratorIPKiSt6vectorIiSaIiEEEC2ERKS2_
FN:1042,_ZNK9__gnu_cxx17__normal_iteratorIPKiSt6vectorIiSaIiEEEdeEv
FNDA:0,_ZNK9__gnu_cxx17__normal_iteratorIPKiSt6vectorIiSaIiEEEdeEv
FN:1052,_ZN9__gnu_cxx17__normal_iteratorIPKiSt6vectorIiSaIiEEEppEv
FNDA:0,_ZN9__gnu_cxx17__normal_iteratorIPKiSt6vectorIiSaIiEEEppEv
FN:1105,_ZNK9__gnu_cxx17__normal_iteratorIPKiSt6vectorIiSaIiEEE4baseEv
FNDA:0,_ZNK9__gnu_cxx17__normal_iteratorIPKiSt6vectorIiSaIiEEE4baseEv
FN:1136,_ZN9__gnu_cxxeqIPKiSt6vectorIiSaIiEEEEbRKNS_17__normal_iteratorIT_T0_EESB_
FNDA:0,_ZN9__gnu_cxxeqIPKiSt6vectorIiSaIiEEEEbRKNS_17__normal_iteratorIT_T0_EESB_
DA:1027,0
DA:1028,0
DA:1042,0
DA:1043,0
DA:1052,0
DA:1054,0
DA:1055,0
DA:1105,0
DA:1106,0
DA:1136,0
DA:1142,0
end_of_record
SF:/usr/include/c++/11/bits/stl_algobase.h
FN:313,_ZSt12__niter_baseIPcET_S1_
FNDA:0,_ZSt12__niter_baseIPcET_S1_
FN:313,_ZSt12__niter_baseIPKcET_S2_
FNDA:0,_ZSt12__niter_baseIPKcET_S2_
FN:335,_ZSt12__niter_wrapIPcET_RKS1_S1_
FNDA:0,_ZSt12__niter_wrapIPcET_RKS1_S1_
FN:380,_ZNSt11__copy_moveILb0ELb0ESt26random_access_iterator_tagE8__copy_mIPKcPcEET0_T_S7_S6_
FNDA:0,_ZNSt11__copy_moveILb0ELb0ESt26random_access_iterator_tagE8__copy_mIPKcPcEET0_T_S7_S6_
FN:420,_ZNSt11__copy_moveILb0ELb1ESt26random_access_iterator_tagE8__copy_mIcEEPT_PKS3_S6_S4_
FNDA:0,_ZNSt11__copy_moveILb0ELb1ESt26random_access_iterator_tagE8__copy_mIcEEPT_PKS3_S6_S4_
FN:486,_ZSt14__copy_move_a2ILb0EPKcPcET1_T0_S4_S3_
FNDA:0,_ZSt14__copy_move_a2ILb0EPKcPcET1_T0_S4_S3_
FN:521,_ZSt14__copy_move_a1ILb0EPKcPcET1_T0_S4_S3_
FNDA:0,_ZSt14__copy_move_a1ILb0EPKcPcET1_T0_S4_S3_
FN:527,_ZSt13__copy_move_aILb0EPKcPcET1_T0_S4_S3_
FNDA:0,_ZSt13__copy_move_aILb0EPKcPcET1_T0_S4_S3_
FN:611,_ZSt4copyIPKcPcET0_T_S4_S3_
FNDA:0,_ZSt4copyIPKcPcET0_T_S4_S3_
FN:932,_ZSt9__fill_a1IcEN9__gnu_cxx11__enable_ifIXsrSt9__is_byteIT_E7__valueEvE6__typeEPS3_S7_RKS3_
FNDA:0,_ZSt9__fill_a1IcEN9__gnu_cxx11__enable_ifIXsrSt9__is_byteIT_E7__valueEvE6__typeEPS3_S7_RKS3_
FN:968,_ZSt8__fill_aIPccEvT_S1_RKT0_
FNDA:0,_ZSt8__fill_aIPccEvT_S1_RKT0_
FN:1010,_ZSt17__size_to_integerm
FNDA:0,_ZSt17__size_to_integerm
FN:1109,_ZSt10__fill_n_aIPcmcET_S1_T0_RKT1_St26random_access_iterator_tag
FNDA:0,_ZSt10__fill_n_aIPcmcET_S1_T0_RKT1_St26random_access_iterator_tag
FN:1144,_ZSt6fill_nIPcmcET_S1_T0_RKT1_
FNDA:0,_ZSt6fill_nIPcmcET_S1_T0_RKT1_
DA:313,0
DA:315,0
DA:313,0
DA:315,0
DA:335,0
DA:336,0
DA:380,0
DA:383,0
DA:385,0
DA:386,0
DA:387,0
DA:389,0
DA:420,0
DA:429,0
DA:430,0
DA:431,0
DA:432,0
DA:486,0
DA:490,0
DA:492,0
DA:495,0
DA:521,0
DA:522,0
DA:527,0
DA:529,0
DA:532,0
DA:611,0
DA:620,0
DA:932,0
DA:934,0
DA:936,0
DA:938,0
DA:939,0
DA:940,0
DA:943,0
DA:944,0
DA:968,0
DA:969,0
DA:1010,0
DA:1109,0
DA:1115,0
DA:1116,0
DA:1120,0
DA:1121,0
DA:1144,0
DA:1149,0
DA:1150,0
end_of_record
SF:/usr/include/c++/11/bits/cpp_type_traits.h
FN:560,_ZSt12__miter_baseIPKcET_S2_
FNDA:0,_ZSt12__miter_baseIPKcET_S2_
DA:560,0
DA:561,0
end_of_record
SF:/usr/include/c++/11/bits/stl_iterator_base_types.h
FN:238,_ZSt19__iterator_categoryIPKcENSt15iterator_traitsIT_E17iterator_categoryERKS3_
FNDA:0,_ZSt19__iterator_categoryIPKcENSt15iterator_traitsIT_E17iterator_categoryERKS3_
FN:238,_ZSt19__iterator_categoryIPcENSt15iterator_traitsIT_E17iterator_categoryERKS2_
FNDA:0,_ZSt19__iterator_categoryIPcENSt15iterator_traitsIT_E17iterator_categoryERKS2_
DA:238,0
DA:239,0
DA:238,0
DA:239,0
end_of_record
SF:/usr/include/c++/11/string_view
FN:137,_ZNSt17basic_string_viewIcSt11char_traitsIcEEC1EPKcm
FNDA:0,_ZNSt17basic_string_viewIcSt11char_traitsIcEEC1EPKcm
FN:211,_ZNKSt17basic_string_viewIcSt11char_traitsIcEE4sizeEv
FNDA:0,_ZNKSt17basic_string_viewIcSt11char_traitsIcEE4sizeEv
FN:239,_ZNKSt17basic_string_viewIcSt11char_traitsIcEE2atEm
FNDA:21,_ZNKSt17basic_string_viewIcSt11char_traitsIcEE2atEm
FN:256,_ZNKSt17basic_string_viewIcSt11char_traitsIcEE4backEv
FNDA:0,_ZNKSt17basic_string_viewIcSt11char_traitsIcEE4backEv
FN:263,_ZNKSt17basic_string_viewIcSt11char_traitsIcEE4dataEv
FNDA:2,_ZNKSt17basic_string_viewIcSt11char_traitsIcEE4dataEv
FN:408,_ZNKSt17basic_string_viewIcSt11char_traitsIcEE4findEPKcm
FNDA:0,_ZNKSt17basic_string_viewIcSt11char_traitsIcEE4findEPKcm
DA:137,0
DA:138,0
DA:139,0
DA:211,0
DA:212,0
DA:239,21
DA:241,21
DA:242,0
DA:245,21
DA:256,0
DA:259,0
DA:263,2
DA:264,2
DA:408,0
DA:409,0
end_of_record
SF:/usr/include/c++/11/bits/stl_vector.h
FN:820,_ZNKSt6vectorIiSaIiEE5beginEv
FNDA:0,_ZNKSt6vectorIiSaIiEE5beginEv
FN:838,_ZNKSt6vectorIiSaIiEE3endEv
FNDA:0,_ZNKSt6vectorIiSaIiEE3endEv
FN:1007,_ZNKSt6vectorIiSaIiEE5emptyEv
FNDA:10,_ZNKSt6vectorIiSaIiEE5emptyEv
DA:820,0
DA:821,0
DA:838,0
DA:839,0
DA:1007,10
DA:1008,10
end_of_record
SF:/usr/include/c++/11/bits/stl_function.h
FN:447,_ZNKSt4lessIPKcEclES1_S1_
FNDA:0,_ZNKSt4lessIPKcEclES1_S1_
DA:447,0
DA:457,0
end_of_record
TN:
SF:/usr/include/c++/11/bits/stl_algobase.h
FN:230,_ZSt3minImERKT_S2_S2_
FNDA:0,_ZSt3minImERKT_S2_S2_
FN:254,_ZSt3maxImERKT_S2_S2_
FNDA:0,_ZSt3maxImERKT_S2_S2_
FN:313,_ZSt12__niter_baseIPiET_S1_
FNDA:0,_ZSt12__niter_baseIPiET_S1_
DA:230,0
DA:235,0
DA:236,0
DA:237,0
DA:254,0
DA:259,0
DA:260,0
DA:261,0
DA:313,0
DA:315,0
end_of_record
SF:/usr/include/c++/11/bits/stl_vector.h
FN:97,_ZNSt12_Vector_baseIiSaIiEE17_Vector_impl_dataC2Ev
FNDA:0,_ZNSt12_Vector_baseIiSaIiEE17_Vector_impl_dataC2Ev
FN:131,_ZNSt12_Vector_baseIiSaIiEE12_Vector_implC2Ev
FNDA:0,_ZNSt12_Vector_baseIiSaIiEE12_Vector_implC2Ev
FN:276,_ZNSt12_Vector_baseIiSaIiEE19_M_get_Tp_allocatorEv
FNDA:0,_ZNSt12_Vector_baseIiSaIiEE19_M_get_Tp_allocatorEv
FN:280,_ZNKSt12_Vector_baseIiSaIiEE19_M_get_Tp_allocatorEv
FNDA:48,_ZNKSt12_Vector_baseIiSaIiEE19_M_get_Tp_allocatorEv
FN:288,_ZNSt12_Vector_baseIiSaIiEEC2Ev
FNDA:0,_ZNSt12_Vector_baseIiSaIiEEC2Ev
FN:333,_ZNSt12_Vector_baseIiSaIiEED2Ev
FNDA:0,_ZNSt12_Vector_baseIiSaIiEED2Ev
FN:343,_ZNSt12_Vector_baseIiSaIiEE11_M_allocateEm
FNDA:0,_ZNSt12_Vector_baseIiSaIiEE11_M_allocateEm
FN:350,_ZNSt12_Vector_baseIiSaIiEE13_M_deallocateEPim
FNDA:0,_ZNSt12_Vector_baseIiSaIiEE13_M_deallocateEPim
FN:453,_ZNSt6vectorIiSaIiEE14_S_do_relocateEPiS2_S2_RS0_St17integral_constantIbLb1EE
FNDA:48,_ZNSt6vectorIiSaIiEE14_S_do_relocateEPiS2_S2_RS0_St17integral_constantIbLb1EE
FN:465,_ZNSt6vectorIiSaIiEE11_S_relocateEPiS2_S2_RS0_
FNDA:48,_ZNSt6vectorIiSaIiEE11_S_relocateEPiS2_S2_RS0_
FN:487,_ZNSt6vectorIiSaIiEEC2Ev
FNDA:0,_ZNSt6vectorIiSaIiEEC2Ev
FN:678,_ZNSt6vectorIiSaIiEED2Ev
FNDA:0,_ZNSt6vectorIiSaIiEED2Ev
FN:811,_ZNSt6vectorIiSaIiEE5beginEv
FNDA:24,_ZNSt6vectorIiSaIiEE5beginEv
FN:829,_ZNSt6vectorIiSaIiEE3endEv
FNDA:18,_ZNSt6vectorIiSaIiEE3endEv
FN:918,_ZNKSt6vectorIiSaIiEE4sizeEv
FNDA:96,_ZNKSt6vectorIiSaIiEE4sizeEv
FN:923,_ZNKSt6vectorIiSaIiEE8max_sizeEv
FNDA:48,_ZNKSt6vectorIiSaIiEE8max_sizeEv
FN:1143,_ZNSt6vectorIiSaIiEE4backEv
FNDA:9,_ZNSt6vectorIiSaIiEE4backEv
FN:1203,_ZNSt6vectorIiSaIiEE9push_backEOi
FNDA:9,_ZNSt6vectorIiSaIiEE9push_backEOi
FN:1756,_ZNKSt6vectorIiSaIiEE12_M_check_lenEmPKc
FNDA:24,_ZNKSt6vectorIiSaIiEE12_M_check_lenEmPKc
FN:1776,_ZNSt6vectorIiSaIiEE11_S_max_sizeERKS0_
FNDA:0,_ZNSt6vectorIiSaIiEE11_S_max_sizeERKS0_
DA:97,0
DA:98,0
DA:99,0
DA:131,0
DA:133,0
DA:134,0
DA:276,0
DA:277,0
DA:280,48
DA:281,48
DA:288,0
DA:333,0
DA:335,0
DA:336,0
DA:337,0
DA:343,0
DA:346,0
DA:350,0
DA:353,0
DA:354,0
DA:355,0
DA:453,48
DA:456,48
DA:465,48
DA:469,48
DA:487,0
DA:678,0
DA:680,0
DA:681,0
DA:683,0
DA:811,24
DA:812,24
DA:829,18
DA:830,18
DA:918,96
DA:919,96
DA:923,48
DA:924,48
DA:1143,9
DA:1146,9
DA:1203,9
DA:1204,9
DA:1756,24
DA:1758,24
DA:1759,0
DA:1761,24
DA:1762,24
DA:1776,0
DA:1781,0
DA:1783,0
DA:1784,0
end_of_record
SF:/usr/include/c++/11/string_view
FN:62,_ZSt10__sv_checkmmPKc
FNDA:54,_ZSt10__sv_checkmmPKc
FN:131,_ZNSt17basic_string_viewIcSt11char_traitsIcEEC2EPKc
FNDA:2,_ZNSt17basic_string_viewIcSt11char_traitsIcEEC2EPKc
FN:137,_ZNSt17basic_string_viewIcSt11char_traitsIcEEC2EPKcm
FNDA:0,_ZNSt17basic_string_viewIcSt11char_traitsIcEEC2EPKcm
FN:177,_ZNKSt17basic_string_viewIcSt11char_traitsIcEE5beginEv
FNDA:12,_ZNKSt17basic_string_viewIcSt11char_traitsIcEE5beginEv
FN:181,_ZNKSt17basic_string_viewIcSt11char_traitsIcEE3endEv
FNDA:59,_ZNKSt17basic_string_viewIcSt11char_traitsIcEE3endEv
FN:211,_ZNKSt17basic_string_viewIcSt11char_traitsIcEE4sizeEv
FNDA:79,_ZNKSt17basic_string_viewIcSt11char_traitsIcEE4sizeEv
FN:232,_ZNKSt17basic_string_viewIcSt11char_traitsIcEEixEm
FNDA:25,_ZNKSt17basic_string_viewIcSt11char_traitsIcEEixEm
FN:249,_ZNKSt17basic_string_viewIcSt11char_traitsIcEE5frontEv
FNDA:13,_ZNKSt17basic_string_viewIcSt11char_traitsIcEE5frontEv
FN:256,_ZNKSt17basic_string_viewIcSt11char_traitsIcEE4backEv
FNDA:30,_ZNKSt17basic_string_viewIcSt11char_traitsIcEE4backEv
FN:269,_ZNSt17basic_string_viewIcSt11char_traitsIcEE13remove_prefixEm
FNDA:13,_ZNSt17basic_string_viewIcSt11char_traitsIcEE13remove_prefixEm
FN:304,_ZNKSt17basic_string_viewIcSt11char_traitsIcEE6substrEmm
FNDA:54,_ZNKSt17basic_string_viewIcSt11char_traitsIcEE6substrEmm
FN:408,_ZNKSt17basic_string_viewIcSt11char_traitsIcEE4findEPKcm
FNDA:97,_ZNKSt17basic_string_viewIcSt11char_traitsIcEE4findEPKcm
FN:471,_ZNKSt17basic_string_viewIcSt11char_traitsIcEE17find_first_not_ofEPKcm
FNDA:13,_ZNKSt17basic_string_viewIcSt11char_traitsIcEE17find_first_not_ofEPKcm
FN:490,_ZNKSt17basic_string_viewIcSt11char_traitsIcEE16find_last_not_ofEPKcm
FNDA:12,_ZNKSt17basic_string_viewIcSt11char_traitsIcEE16find_last_not_ofEPKcm
DA:62,54
DA:64,54
DA:65,0
DA:67,54
DA:131,2
DA:132,2
DA:133,2
DA:134,2
DA:137,0
DA:138,0
DA:139,0
DA:177,12
DA:178,12
DA:181,59
DA:182,59
DA:211,79
DA:212,79
DA:232,25
DA:235,25
DA:249,13
DA:252,13
DA:256,30
DA:259,30
DA:269,13
DA:272,13
DA:273,13
DA:274,13
DA:304,54
DA:306,54
DA:307,54
DA:308,54
DA:408,97
DA:409,97
DA:471,13
DA:473,13
DA:474,13
DA:490,12
DA:493,12
DA:494,12
end_of_record
SF:/usr/include/c++/11/bits/vector.tcc
FN:109,_ZNSt6vectorIiSaIiEE12emplace_backIJiEEERiDpOT_
FNDA:9,_ZNSt6vectorIiSaIiEE12emplace_backIJiEEERiDpOT_
FN:426,_ZNSt6vectorIiSaIiEE17_M_realloc_insertIJiEEEvN9__gnu_cxx17__normal_iteratorIPiS1_EEDpOT_
FNDA:24,_ZNSt6vectorIiSaIiEE17_M_realloc_insertIJiEEEvN9__gnu_cxx17__normal_iteratorIPiS1_EEDpOT_
DA:109,9
DA:112,9
DA:115,0
DA:117,0
DA:121,9
DA:123,9
DA:426,24
DA:436,24
DA:437,24
DA:438,24
DA:439,24
DA:440,24
DA:441,24
DA:449,24
DA:450,24
DA:456,24
DA:461,24
DA:462,24
DA:464,24
DA:466,24
DA:467,24
DA:500,24
DA:501,24
DA:502,24
DA:503,24
DA:504,24
DA:505,24
end_of_record
SF:/usr/include/c++/11/bits/alloc_traits.h
FN:463,_ZNSt16allocator_traitsISaIiEE8allocateERS0_m
FNDA:0,_ZNSt16allocator_traitsISaIiEE8allocateERS0_m
FN:495,_ZNSt16allocator_traitsISaIiEE10deallocateERS0_Pim
FNDA:0,_ZNSt16allocator_traitsISaIiEE10deallocateERS0_Pim
FN:511,_ZNSt16allocator_traitsISaIiEE9constructIiJiEEEvRS0_PT_DpOT0_
FNDA:24,_ZNSt16allocator_traitsISaIiEE9constructIiJiEEEvRS0_PT_DpOT0_
FN:547,_ZNSt16allocator_traitsISaIiEE8max_sizeERKS0_
FNDA:0,_ZNSt16allocator_traitsISaIiEE8max_sizeERKS0_
FN:845,_ZSt8_DestroyIPiiEvT_S1_RSaIT0_E
FNDA:0,_ZSt8_DestroyIPiiEvT_S1_RSaIT0_E
DA:463,0
DA:464,0
DA:495,0
DA:496,0
DA:511,24
DA:518,24
DA:520,24
DA:547,0
DA:552,0
DA:845,0
DA:848,0
DA:849,0
end_of_record
SF:/usr/include/c++/11/new
FN:174,_ZnwmPv
FNDA:0,_ZnwmPv
DA:174,0
DA:175,0
end_of_record
SF:/usr/include/c++/11/bits/stl_iterator.h
FN:1027,_ZN9__gnu_cxx17__normal_iteratorIPiSt6vectorIiSaIiEEEC2ERKS1_
FNDA:51,_ZN9__gnu_cxx17__normal_iteratorIPiSt6vectorIiSaIiEEEC2ERKS1_
FN:1042,_ZNK9__gnu_cxx17__normal_iteratorIPiSt6vectorIiSaIiEEEdeEv
FNDA:9,_ZNK9__gnu_cxx17__normal_iteratorIPiSt6vectorIiSaIiEEEdeEv
FN:1100,_ZNK9__gnu_cxx17__normal_iteratorIPiSt6vectorIiSaIiEEEmiEl
FNDA:9,_ZNK9__gnu_cxx17__normal_iteratorIPiSt6vectorIiSaIiEEEmiEl
FN:1105,_ZNK9__gnu_cxx17__normal_iteratorIPiSt6vectorIiSaIiEEE4baseEv
FNDA:96,_ZNK9__gnu_cxx17__normal_iteratorIPiSt6vectorIiSaIiEEE4baseEv
FN:1268,_ZN9__gnu_cxxmiIPiSt6vectorIiSaIiEEEENS_17__normal_iteratorIT_T0_E15difference_typeERKS8_SB_
FNDA:24,_ZN9__gnu_cxxmiIPiSt6vectorIiSaIiEEEENS_17__normal_iteratorIT_T0_E15difference_typeERKS8_SB_
DA:1027,51
DA:1028,51
DA:1042,9
DA:1043,9
DA:1100,9
DA:1101,9
DA:1105,96
DA:1106,96
DA:1268,24
DA:1271,24
end_of_record
SF:/usr/include/c++/11/type_traits
FN:3419,_ZSt21is_constant_evaluatedv
FNDA:0,_ZSt21is_constant_evaluatedv
DA:3419,0
DA:3420,0
end_of_record
SF:/usr/include/c++/11/bits/allocator.h
FN:156,_ZNSaIiEC2Ev
FNDA:0,_ZNSaIiEC2Ev
FN:174,_ZNSaIiED2Ev
FNDA:0,_ZNSaIiED2Ev
DA:156,0
DA:174,0
DA:182,0
DA:183,0
DA:185,0
DA:193,0
DA:195,0
DA:196,0
DA:199,0
end_of_record
SF:/usr/include/c++/11/bits/stl_construct.h
FN:80,_ZSt10destroy_atIiEvPT_
FNDA:0,_ZSt10destroy_atIiEvPT_
FN:94,_ZSt12construct_atIiJiEEDTgsnwcvPvLi0E_T_pispcl7declvalIT0_EEEEPS1_DpOS2_
FNDA:24,_ZSt12construct_atIiJiEEDTgsnwcvPvLi0E_T_pispcl7declvalIT0_EEEEPS1_DpOS2_
FN:146,_ZSt8_DestroyIiEvPT_
FNDA:0,_ZSt8_DestroyIiEvPT_
FN:160,_ZNSt12_Destroy_auxILb0EE9__destroyIPiEEvT_S3_
FNDA:0,_ZNSt12_Destroy_auxILb0EE9__destroyIPiEEvT_S3_
FN:172,_ZNSt12_Destroy_auxILb1EE9__destroyIPiEEvT_S3_
FNDA:0,_ZNSt12_Destroy_auxILb1EE9__destroyIPiEEvT_S3_
FN:182,_ZSt8_DestroyIPiEvT_S1_
FNDA:0,_ZSt8_DestroyIPiEvT_S1_
DA:80,0
DA:88,0
DA:89,0
DA:94,24
DA:97,24
DA:146,0
DA:149,0
DA:153,0
DA:160,0
DA:162,0
DA:163,0
DA:164,0
DA:172,0
DA:182,0
DA:192,0
DA:193,0
DA:196,0
end_of_record
SF:/usr/include/c++/11/ext/new_allocator.h
FN:79,_ZN9__gnu_cxx13new_allocatorIiEC2Ev
FNDA:0,_ZN9__gnu_cxx13new_allocatorIiEC2Ev
FN:103,_ZN9__gnu_cxx13new_allocatorIiE8allocateEmPKv
FNDA:0,_ZN9__gnu_cxx13new_allocatorIiE8allocateEmPKv
FN:132,_ZN9__gnu_cxx13new_allocatorIiE10deallocateEPim
FNDA:0,_ZN9__gnu_cxx13new_allocatorIiE10deallocateEPim
FN:197,_ZNK9__gnu_cxx13new_allocatorIiE11_M_max_sizeEv
FNDA:0,_ZNK9__gnu_cxx13new_allocatorIiE11_M_max_sizeEv
DA:79,0
DA:103,0
DA:111,0
DA:115,0
DA:116,0
DA:117,0
DA:127,0
DA:132,0
DA:145,0
DA:197,0
DA:200,0
end_of_record
SF:/usr/include/c++/11/bits/stl_uninitialized.h
FN:1006,_ZSt14__relocate_a_1IiiENSt9enable_ifIXsrSt24__is_bitwise_relocatableIT_vE5valueEPS2_E4typeES4_S4_S4_RSaIT0_E
FNDA:48,_ZSt14__relocate_a_1IiiENSt9enable_ifIXsrSt24__is_bitwise_relocatableIT_vE5valueEPS2_E4typeES4_S4_S4_RSaIT0_E
FN:1040,_ZSt12__relocate_aIPiS0_SaIiEET0_T_S3_S2_RT1_
FNDA:48,_ZSt12__relocate_aIPiS0_SaIiEET0_T_S3_S2_RT1_
DA:1006,48
DA:1009,48
DA:1010,48
DA:1011,9
DA:1012,48
DA:1040,48
DA:1046,48
DA:1048,48
end_of_record
SF:/usr/include/c++/11/bits/char_traits.h
FN:106,_ZN9__gnu_cxx11char_traitsIcE2eqERKcS3_
FNDA:0,_ZN9__gnu_cxx11char_traitsIcE2eqERKcS3_
FN:167,_ZN9__gnu_cxx11char_traitsIcE6lengthEPKc
FNDA:0,_ZN9__gnu_cxx11char_traitsIcE6lengthEPKc
FN:178,_ZN9__gnu_cxx11char_traitsIcE4findEPKcmRS2_
FNDA:0,_ZN9__gnu_cxx11char_traitsIcE4findEPKcmRS2_
FN:364,_ZNSt11char_traitsIcE2ltERKcS2_
FNDA:0,_ZNSt11char_traitsIcE2ltERKcS2_
FN:372,_ZNSt11char_traitsIcE7compareEPKcS2_m
FNDA:0,_ZNSt11char_traitsIcE7compareEPKcS2_m
FN:393,_ZNSt11char_traitsIcE6lengthEPKc
FNDA:0,_ZNSt11char_traitsIcE6lengthEPKc
FN:403,_ZNSt11char_traitsIcE4findEPKcmRS1_
FNDA:0,_ZNSt11char_traitsIcE4findEPKcmRS1_
DA:106,0
DA:107,0
DA:167,0
DA:170,0
DA:171,0
DA:172,0
DA:173,0
DA:178,0
DA:181,0
DA:182,0
DA:183,0
DA:184,0
DA:290,0
DA:364,0
DA:367,0
DA:368,0
DA:372,0
DA:374,0
DA:375,0
DA:377,0
DA:379,0
DA:381,0
DA:382,0
DA:383,0
DA:384,0
DA:385,0
DA:386,0
DA:389,0
DA:393,0
DA:396,0
DA:397,0
DA:399,0
DA:403,0
DA:405,0
DA:406,0
DA:408,0
DA:410,0
DA:411,0
DA:413,0
end_of_record
SF:/usr/include/c++/11/bits/move.h
FN:49,_ZSt11__addressofIiEPT_RS0_
FNDA:0,_ZSt11__addressofIiEPT_RS0_
FN:77,_ZSt7forwardIiEOT_RNSt16remove_referenceIS0_E4typeE
FNDA:81,_ZSt7forwardIiEOT_RNSt16remove_referenceIS0_E4typeE
FN:104,_ZSt4moveIRiEONSt16remove_referenceIT_E4typeEOS2_
FNDA:9,_ZSt4moveIRiEONSt16remove_referenceIT_E4typeEOS2_
DA:49,0
DA:50,0
DA:77,81
DA:78,81
DA:104,9
DA:105,9
end_of_record
SF:/usr/include/c++/11/bits/string_view.tcc
FN:47,_ZNKSt17basic_string_viewIcSt11char_traitsIcEE4findEPKcmm
FNDA:97,_ZNKSt17basic_string_viewIcSt11char_traitsIcEE4findEPKcmm
FN:80,_ZNKSt17basic_string_viewIcSt11char_traitsIcEE4findEcm
FNDA:13,_ZNKSt17basic_string_viewIcSt11char_traitsIcEE4findEcm
FN:172,_ZNKSt17basic_string_viewIcSt11char_traitsIcEE17find_first_not_ofEPKcmm
FNDA:13,_ZNKSt17basic_string_viewIcSt11char_traitsIcEE17find_first_not_ofEPKcmm
FN:196,_ZNKSt17basic_string_viewIcSt11char_traitsIcEE16find_last_not_ofEPKcmm
FNDA:12,_ZNKSt17basic_string_viewIcSt11char_traitsIcEE16find_last_not_ofEPKcmm
DA:47,97
DA:52,97
DA:53,0
DA:54,97
DA:55,0
DA:57,97
DA:58,97
DA:59,97
DA:60,97
DA:62,98
DA:65,98
DA:66,98
DA:67,69
DA:71,29
DA:72,28
DA:73,1
DA:75,0
DA:80,13
DA:83,13
DA:84,13
DA:86,13
DA:87,13
DA:88,13
DA:89,6
DA:91,13
DA:172,13
DA:177,25
DA:178,25
DA:179,13
DA:180,0
DA:196,12
DA:201,12
DA:202,12
DA:204,12
DA:205,0
DA:206,6
DA:208,18
DA:209,12
DA:213,0
end_of_record
SF:/home/wstt/working/oop/1/task/from_yaml.cpp
FN:8,_Z11line_to_intSt17basic_string_viewIcSt11char_traitsIcEE
FNDA:12,_Z11line_to_intSt17basic_string_viewIcSt11char_traitsIcEE
FN:37,_Z9from_yamlPKc
FNDA:2,_Z9from_yamlPKc
FN:42,_Z9from_yamlPKcm
FNDA:2,_Z9from_yamlPKcm
FN:47,_Z9from_yamlSt17basic_string_viewIcSt11char_traitsIcEE
FNDA:19,_Z9from_yamlSt17basic_string_viewIcSt11char_traitsIcEE
DA:8,12
DA:9,12
DA:10,12
DA:11,12
DA:12,12
DA:13,12
DA:14,26
DA:15,18
DA:16,18
DA:17,15
DA:18,3
DA:19,12
DA:21,15
DA:22,1
DA:24,11
DA:25,4
DA:26,4
DA:28,44
DA:29,35
DA:30,2
DA:31,33
DA:32,33
DA:34,9
DA:37,2
DA:38,2
DA:42,2
DA:43,2
DA:47,19
DA:48,19
DA:49,1
DA:50,18
DA:51,18
DA:52,18
DA:53,18
DA:54,18
DA:55,3
DA:56,15
DA:57,3
DA:58,12
DA:59,12
DA:60,1
DA:61,11
DA:62,11
DA:63,2
DA:66,18
DA:67,10
DA:68,13
DA:69,13
DA:70,13
DA:71,13
DA:72,13
DA:73,1
DA:74,12
DA:76,13
end_of_record
